<?xml version="1.0" encoding="UTF-8"?>
<robot generator="Robot 3.1.2 (Python 3.8.0 on win32)" generated="20201022 22:13:37.333" rpa="false">
<suite id="s1" name="Tst Frmwrk" source="C:\Users\Administrator\eclipse-workspace\tst_frmwrk">
<suite id="s1-s1" name="Tst 1" source="C:\Users\Administrator\eclipse-workspace\tst_frmwrk\tst_1">
<suite id="s1-s1-s1" name="Tfw Play" source="C:\Users\Administrator\eclipse-workspace\tst_frmwrk\tst_1\tfw_play.robot">
<kw name="Initial open and scroll" library="tfw_initial" type="setup">
<kw name="Open Browser" library="SeleniumLibrary">
<doc>Opens a new browser instance to the optional ``url``.</doc>
<arguments>
<arg>${url}</arg>
<arg>chrome</arg>
</arguments>
<msg timestamp="20201022 22:13:37.559" level="INFO">Opening browser 'chrome' to base url 'https://wordpress.com/'.</msg>
<status status="PASS" starttime="20201022 22:13:37.559" endtime="20201022 22:13:46.332"></status>
</kw>
<kw name="Set Selenium Speed" library="SeleniumLibrary">
<doc>Sets the delay that is waited after each Selenium command.</doc>
<arguments>
<arg>2 seconds</arg>
</arguments>
<status status="PASS" starttime="20201022 22:13:46.332" endtime="20201022 22:13:46.332"></status>
</kw>
<kw name="Set Selenium Timeout" library="SeleniumLibrary">
<doc>Sets the timeout that is used by various keywords.</doc>
<arguments>
<arg>10 seconds</arg>
</arguments>
<status status="PASS" starttime="20201022 22:13:46.332" endtime="20201022 22:13:48.344"></status>
</kw>
<kw name="Maximize Browser Window" library="SeleniumLibrary">
<doc>Maximizes current browser window.</doc>
<status status="PASS" starttime="20201022 22:13:48.344" endtime="20201022 22:13:52.475"></status>
</kw>
<kw name="Log To Console" library="BuiltIn">
<doc>Logs the given message to the console.</doc>
<arguments>
<arg>User is in the site</arg>
</arguments>
<status status="PASS" starttime="20201022 22:13:52.475" endtime="20201022 22:13:52.476"></status>
</kw>
<status status="PASS" starttime="20201022 22:13:37.558" endtime="20201022 22:13:52.476"></status>
</kw>
<test id="s1-s1-s1-t1" name="Navigate plan_price page">
<kw name="Click on plan_price" library="tfw_header_bar">
<kw name="Click Element" library="SeleniumLibrary">
<doc>Click the element identified by ``locator``.</doc>
<arguments>
<arg>${plan_price}</arg>
</arguments>
<msg timestamp="20201022 22:13:52.477" level="INFO">Clicking element '//header/nav[1]/ul[1]/li[5]/a[1]'.</msg>
<status status="PASS" starttime="20201022 22:13:52.477" endtime="20201022 22:13:56.540"></status>
</kw>
<kw name="Log To Console" library="BuiltIn">
<doc>Logs the given message to the console.</doc>
<arguments>
<arg>Navigating to plan and price page</arg>
</arguments>
<status status="PASS" starttime="20201022 22:13:56.540" endtime="20201022 22:13:56.541"></status>
</kw>
<status status="PASS" starttime="20201022 22:13:52.477" endtime="20201022 22:13:56.541"></status>
</kw>
<kw name="Scroll till configure plan" library="tfw_plan_price_page">
<kw name="Scroll Element Into View" library="SeleniumLibrary">
<doc>Scrolls the element identified by ``locator`` into view.</doc>
<arguments>
<arg>${configure_plan}</arg>
</arguments>
<status status="PASS" starttime="20201022 22:13:56.542" endtime="20201022 22:14:02.058"></status>
</kw>
<kw name="Log To Console" library="BuiltIn">
<doc>Logs the given message to the console.</doc>
<arguments>
<arg>Configure plan is available</arg>
</arguments>
<status status="PASS" starttime="20201022 22:14:02.058" endtime="20201022 22:14:02.059"></status>
</kw>
<status status="PASS" starttime="20201022 22:13:56.542" endtime="20201022 22:14:02.059"></status>
</kw>
<kw name="Validate different plans" library="tfw_plan_price_page">
<kw name="Page Should Contain Element" library="SeleniumLibrary">
<doc>Verifies that element ``locator`` is found on the current page.</doc>
<arguments>
<arg>${personal_plan}</arg>
</arguments>
<msg timestamp="20201022 22:14:04.072" level="INFO">Current page contains element '//h3[contains(text(),'Personal')]'.</msg>
<status status="PASS" starttime="20201022 22:14:02.060" endtime="20201022 22:14:04.072"></status>
</kw>
<kw name="Log To Console" library="BuiltIn">
<doc>Logs the given message to the console.</doc>
<arguments>
<arg>Personal plan is available</arg>
</arguments>
<status status="PASS" starttime="20201022 22:14:04.073" endtime="20201022 22:14:04.073"></status>
</kw>
<kw name="Page Should Contain Element" library="SeleniumLibrary">
<doc>Verifies that element ``locator`` is found on the current page.</doc>
<arguments>
<arg>${premium_plan}</arg>
</arguments>
<msg timestamp="20201022 22:14:06.089" level="INFO">Current page contains element '//h3[contains(text(),'Premium')]'.</msg>
<status status="PASS" starttime="20201022 22:14:04.074" endtime="20201022 22:14:06.089"></status>
</kw>
<kw name="Log To Console" library="BuiltIn">
<doc>Logs the given message to the console.</doc>
<arguments>
<arg>Premium plan is available</arg>
</arguments>
<status status="PASS" starttime="20201022 22:14:06.089" endtime="20201022 22:14:06.090"></status>
</kw>
<kw name="Page Should Contain Element" library="SeleniumLibrary">
<doc>Verifies that element ``locator`` is found on the current page.</doc>
<arguments>
<arg>${business_plan}</arg>
</arguments>
<msg timestamp="20201022 22:14:08.109" level="INFO">Current page contains element '//h3[contains(text(),'Business')]'.</msg>
<status status="PASS" starttime="20201022 22:14:06.090" endtime="20201022 22:14:08.109"></status>
</kw>
<kw name="Log To Console" library="BuiltIn">
<doc>Logs the given message to the console.</doc>
<arguments>
<arg>Business plan is available</arg>
</arguments>
<status status="PASS" starttime="20201022 22:14:08.109" endtime="20201022 22:14:08.110"></status>
</kw>
<kw name="Page Should Contain Element" library="SeleniumLibrary">
<doc>Verifies that element ``locator`` is found on the current page.</doc>
<arguments>
<arg>${ecommerce_plan}</arg>
</arguments>
<msg timestamp="20201022 22:14:10.127" level="INFO">Current page contains element '//h3[contains(text(),'eCommerce')]'.</msg>
<status status="PASS" starttime="20201022 22:14:08.110" endtime="20201022 22:14:10.127"></status>
</kw>
<kw name="Log To Console" library="BuiltIn">
<doc>Logs the given message to the console.</doc>
<arguments>
<arg>eCommerce plan is available</arg>
</arguments>
<status status="PASS" starttime="20201022 22:14:10.127" endtime="20201022 22:14:10.128"></status>
</kw>
<status status="PASS" starttime="20201022 22:14:02.059" endtime="20201022 22:14:10.128"></status>
</kw>
<status status="PASS" starttime="20201022 22:13:52.476" endtime="20201022 22:14:10.128" critical="yes"></status>
</test>
<test id="s1-s1-s1-t2" name="User login">
<kw name="Click on login" library="tfw_header_bar">
<kw name="Click Element" library="SeleniumLibrary">
<doc>Click the element identified by ``locator``.</doc>
<arguments>
<arg>${login}</arg>
</arguments>
<msg timestamp="20201022 22:14:10.130" level="INFO">Clicking element '//header/nav[1]/ul[2]/li[1]/a[1]'.</msg>
<status status="PASS" starttime="20201022 22:14:10.129" endtime="20201022 22:14:14.189"></status>
</kw>
<kw name="Log To Console" library="BuiltIn">
<doc>Logs the given message to the console.</doc>
<arguments>
<arg>Navigating to login page</arg>
</arguments>
<status status="PASS" starttime="20201022 22:14:14.189" endtime="20201022 22:14:14.190"></status>
</kw>
<status status="PASS" starttime="20201022 22:14:10.129" endtime="20201022 22:14:14.190"></status>
</kw>
<kw name="Login to account" library="tfw_login_page">
<kw name="Get File" library="OperatingSystem">
<doc>Returns the contents of a specified file.</doc>
<arguments>
<arg>tst_1\\user_name.txt</arg>
</arguments>
<assign>
<var>${username_value}</var>
</assign>
<msg timestamp="20201022 22:14:14.191" level="INFO" html="yes">Getting file '&lt;a href="file://C:\Users\Administrator\eclipse-workspace\tst_frmwrk\tst_1\user_name.txt"&gt;C:\Users\Administrator\eclipse-workspace\tst_frmwrk\tst_1\user_name.txt&lt;/a&gt;'.</msg>
<msg timestamp="20201022 22:14:14.191" level="INFO">${username_value} = wasiqul</msg>
<status status="PASS" starttime="20201022 22:14:14.190" endtime="20201022 22:14:14.191"></status>
</kw>
<kw name="Get File" library="OperatingSystem">
<doc>Returns the contents of a specified file.</doc>
<arguments>
<arg>tst_1\\user_password.txt</arg>
</arguments>
<assign>
<var>${password_value}</var>
</assign>
<msg timestamp="20201022 22:14:14.192" level="INFO" html="yes">Getting file '&lt;a href="file://C:\Users\Administrator\eclipse-workspace\tst_frmwrk\tst_1\user_password.txt"&gt;C:\Users\Administrator\eclipse-workspace\tst_frmwrk\tst_1\user_password.txt&lt;/a&gt;'.</msg>
<msg timestamp="20201022 22:14:14.192" level="INFO">${password_value} = w17011913w17011913</msg>
<status status="PASS" starttime="20201022 22:14:14.191" endtime="20201022 22:14:14.192"></status>
</kw>
<kw name="Click Element" library="SeleniumLibrary">
<doc>Click the element identified by ``locator``.</doc>
<arguments>
<arg>${username_input_field}</arg>
</arguments>
<msg timestamp="20201022 22:14:14.192" level="INFO">Clicking element '//input[@id='usernameOrEmail']'.</msg>
<status status="PASS" starttime="20201022 22:14:14.192" endtime="20201022 22:14:20.988"></status>
</kw>
<kw name="Input Text" library="SeleniumLibrary">
<doc>Types the given ``text`` into the text field identified by ``locator``.</doc>
<arguments>
<arg>${username_input_field}</arg>
<arg>${username_value}</arg>
</arguments>
<msg timestamp="20201022 22:14:20.989" level="INFO">Typing text 'wasiqul' into text field '//input[@id='usernameOrEmail']'.</msg>
<status status="PASS" starttime="20201022 22:14:20.988" endtime="20201022 22:14:27.079"></status>
</kw>
<kw name="Click Button" library="SeleniumLibrary">
<doc>Clicks the button identified by ``locator``.</doc>
<arguments>
<arg>${cont_button}</arg>
</arguments>
<msg timestamp="20201022 22:14:27.080" level="INFO">Clicking button '//button[contains(text(),'Continue')]'.</msg>
<status status="PASS" starttime="20201022 22:14:27.079" endtime="20201022 22:14:37.192"></status>
</kw>
<kw name="Log To Console" library="BuiltIn">
<doc>Logs the given message to the console.</doc>
<arguments>
<arg>User name is provided from text file</arg>
</arguments>
<status status="PASS" starttime="20201022 22:14:37.192" endtime="20201022 22:14:37.194"></status>
</kw>
<kw name="Click Element" library="SeleniumLibrary">
<doc>Click the element identified by ``locator``.</doc>
<arguments>
<arg>${password_input_field}</arg>
</arguments>
<msg timestamp="20201022 22:14:37.194" level="INFO">Clicking element '//input[@id='password']'.</msg>
<status status="PASS" starttime="20201022 22:14:37.194" endtime="20201022 22:14:41.248"></status>
</kw>
<kw name="Input Text" library="SeleniumLibrary">
<doc>Types the given ``text`` into the text field identified by ``locator``.</doc>
<arguments>
<arg>${password_input_field}</arg>
<arg>${password_value}</arg>
</arguments>
<msg timestamp="20201022 22:14:41.249" level="INFO">Typing text 'w17011913w17011913' into text field '//input[@id='password']'.</msg>
<status status="PASS" starttime="20201022 22:14:41.248" endtime="20201022 22:14:47.338"></status>
</kw>
<kw name="Click Button" library="SeleniumLibrary">
<doc>Clicks the button identified by ``locator``.</doc>
<arguments>
<arg>${login_button}</arg>
</arguments>
<msg timestamp="20201022 22:14:47.339" level="INFO">Clicking button '//button[contains(text(),'Log In')]'.</msg>
<status status="PASS" starttime="20201022 22:14:47.338" endtime="20201022 22:14:57.433"></status>
</kw>
<kw name="Log To Console" library="BuiltIn">
<doc>Logs the given message to the console.</doc>
<arguments>
<arg>Password is provided from text file</arg>
</arguments>
<status status="PASS" starttime="20201022 22:14:57.433" endtime="20201022 22:14:57.434"></status>
</kw>
<status status="PASS" starttime="20201022 22:14:14.190" endtime="20201022 22:14:57.434"></status>
</kw>
<kw name="Varify user login" library="tfw_loggedin_page">
<kw name="Page Should Contain Element" library="SeleniumLibrary">
<doc>Verifies that element ``locator`` is found on the current page.</doc>
<arguments>
<arg>${my_sites_link}</arg>
</arguments>
<msg timestamp="20201022 22:15:05.221" level="INFO">Current page contains element '//span[contains(text(),'My Sites')]'.</msg>
<status status="PASS" starttime="20201022 22:14:57.434" endtime="20201022 22:15:05.221"></status>
</kw>
<kw name="Log To Console" library="BuiltIn">
<doc>Logs the given message to the console.</doc>
<arguments>
<arg>User logged in successfully</arg>
</arguments>
<status status="PASS" starttime="20201022 22:15:05.222" endtime="20201022 22:15:05.222"></status>
</kw>
<status status="PASS" starttime="20201022 22:14:57.434" endtime="20201022 22:15:05.223"></status>
</kw>
<status status="PASS" starttime="20201022 22:14:10.129" endtime="20201022 22:15:05.223" critical="yes"></status>
</test>
<test id="s1-s1-s1-t3" name="User logout">
<kw name="User logout" library="tfw_loggedin_page">
<kw name="Click Element" library="SeleniumLibrary">
<doc>Click the element identified by ``locator``.</doc>
<arguments>
<arg>${account_image_icon_link}</arg>
</arguments>
<msg timestamp="20201022 22:15:05.224" level="INFO">Clicking element '//header/a[3]/span[1]/img[1]'.</msg>
<status status="PASS" starttime="20201022 22:15:05.224" endtime="20201022 22:15:09.298"></status>
</kw>
<kw name="Click Element" library="SeleniumLibrary">
<doc>Click the element identified by ``locator``.</doc>
<arguments>
<arg>${logout_button}</arg>
</arguments>
<msg timestamp="20201022 22:15:09.300" level="INFO">Clicking element '//button[contains(text(),'Log out')]'.</msg>
<status status="PASS" starttime="20201022 22:15:09.299" endtime="20201022 22:15:13.357"></status>
</kw>
<kw name="Log To Console" library="BuiltIn">
<doc>Logs the given message to the console.</doc>
<arguments>
<arg>User is logging out</arg>
</arguments>
<status status="PASS" starttime="20201022 22:15:13.357" endtime="20201022 22:15:13.358"></status>
</kw>
<status status="PASS" starttime="20201022 22:15:05.224" endtime="20201022 22:15:13.359"></status>
</kw>
<kw name="Varify user logout" library="tfw_loggedout_page">
<kw name="Page Should Contain Element" library="SeleniumLibrary">
<doc>Verifies that element ``locator`` is found on the current page.</doc>
<arguments>
<arg>${wordpress_ready}</arg>
</arguments>
<msg timestamp="20201022 22:15:17.299" level="INFO">Current page contains element '//h1[contains(text(),'Be ready whenever, wherever inspiration strikes.')]'.</msg>
<status status="PASS" starttime="20201022 22:15:13.360" endtime="20201022 22:15:17.299"></status>
</kw>
<kw name="Log To Console" library="BuiltIn">
<doc>Logs the given message to the console.</doc>
<arguments>
<arg>User logged out successfully</arg>
</arguments>
<status status="PASS" starttime="20201022 22:15:17.300" endtime="20201022 22:15:17.300"></status>
</kw>
<status status="PASS" starttime="20201022 22:15:13.359" endtime="20201022 22:15:17.300"></status>
</kw>
<status status="PASS" starttime="20201022 22:15:05.223" endtime="20201022 22:15:17.301" critical="yes"></status>
</test>
<kw name="Close Browser" library="SeleniumLibrary" type="teardown">
<doc>Closes the current browser.</doc>
<status status="PASS" starttime="20201022 22:15:17.302" endtime="20201022 22:15:21.362"></status>
</kw>
<status status="PASS" starttime="20201022 22:13:37.387" endtime="20201022 22:15:21.362"></status>
</suite>
<status status="PASS" starttime="20201022 22:13:37.385" endtime="20201022 22:15:21.367"></status>
</suite>
<status status="PASS" starttime="20201022 22:13:37.365" endtime="20201022 22:15:21.371"></status>
</suite>
<statistics>
<total>
<stat pass="3" fail="0">Critical Tests</stat>
<stat pass="3" fail="0">All Tests</stat>
</total>
<tag>
</tag>
<suite>
<stat pass="3" fail="0" id="s1" name="Tst Frmwrk">Tst Frmwrk</stat>
<stat pass="3" fail="0" id="s1-s1" name="Tst 1">Tst Frmwrk.Tst 1</stat>
<stat pass="3" fail="0" id="s1-s1-s1" name="Tfw Play">Tst Frmwrk.Tst 1.Tfw Play</stat>
</suite>
</statistics>
<errors>
</errors>
</robot>
